生成启动时间为 2014-9-15 16:06:48。
     1>项目“F:\08_Retrive\源码\图像检索系统\图像检索系统.vcxproj”在节点 2 上(build 个目标)。
     1>InitializeBuildStatus:
         正在创建“Release\Retrieve.unsuccessfulbuild”，因为已指定“AlwaysCreate”。
       ClCompile:
         所有输出均为最新。
         所有输出均为最新。
       ResourceCompile:
         所有输出均为最新。
       Link:
         所有输出均为最新。
         图像检索系统.vcxproj -> F:\08_Retrive\源码\Release\Retrieve.exe
       Manifest:
         所有输出均为最新。
       FinalizeBuildStatus:
         正在删除文件“Release\Retrieve.unsuccessfulbuild”。
         正在对“Release\Retrieve.lastbuildstate”执行 Touch 任务。
     1>已完成生成项目“F:\08_Retrive\源码\图像检索系统\图像检索系统.vcxproj”(build 个目标)的操作。

生成成功。

已用时间 00:00:00.31
