F:\第08章_图像检索系统\源码\RELEASE\图像检索系统.EXE
F:\第08章_图像检索系统\源码\RELEASE\图像检索系统.PDB
F:\第08章_图像检索系统\源码\图像检索系统\Release\cl.command.1.tlog
F:\第08章_图像检索系统\源码\图像检索系统\Release\CL.read.1.tlog
F:\第08章_图像检索系统\源码\图像检索系统\Release\CL.write.1.tlog
F:\第08章_图像检索系统\源码\图像检索系统\RELEASE\IMAGETRIEVALDLG.OBJ
F:\第08章_图像检索系统\源码\图像检索系统\Release\link.command.1.tlog
F:\第08章_图像检索系统\源码\图像检索系统\Release\link.read.1.tlog
F:\第08章_图像检索系统\源码\图像检索系统\Release\link.write.1.tlog
F:\第08章_图像检索系统\源码\图像检索系统\Release\link-cvtres.read.1.tlog
F:\第08章_图像检索系统\源码\图像检索系统\Release\link-cvtres.write.1.tlog
F:\第08章_图像检索系统\源码\图像检索系统\Release\mt.command.1.tlog
F:\第08章_图像检索系统\源码\图像检索系统\Release\mt.read.1.tlog
F:\第08章_图像检索系统\源码\图像检索系统\Release\mt.write.1.tlog
F:\第08章_图像检索系统\源码\图像检索系统\Release\rc.command.1.tlog
F:\第08章_图像检索系统\源码\图像检索系统\Release\rc.read.1.tlog
F:\第08章_图像检索系统\源码\图像检索系统\Release\rc.write.1.tlog
F:\第08章_图像检索系统\源码\图像检索系统\RELEASE\STDAFX.OBJ
F:\第08章_图像检索系统\源码\图像检索系统\RELEASE\VC100.PDB
F:\第08章_图像检索系统\源码\图像检索系统\RELEASE\图像检索系统.EXE.INTERMEDIATE.MANIFEST
F:\第08章_图像检索系统\源码\图像检索系统\RELEASE\图像检索系统.OBJ
F:\第08章_图像检索系统\源码\图像检索系统\RELEASE\图像检索系统.PCH
F:\第08章_图像检索系统\源码\图像检索系统\RELEASE\图像检索系统.RES
